<?xml version="1.0" encoding="UTF-8"?>
<!-- Generated by org.testng.reporters.JUnitReportReporter -->
<testsuite hostname="DESKTOP-GDI9CJ3" failures="0" tests="4" name="learntestng.Group3" time="0.011" errors="0" timestamp="2023-08-06T11:02:57 IST" skipped="0">
  <testcase classname="learntestng.Group3" name="l" time="0.003"/>
  <system-out/>
  <testcase classname="learntestng.Group3" name="k" time="0.002"/>
  <system-out/>
  <testcase classname="learntestng.Group3" name="j" time="0.002"/>
  <system-out/>
  <testcase classname="learntestng.Group3" name="i" time="0.004"/>
  <system-out/>
</testsuite> <!-- learntestng.Group3 -->
