<?xml version="1.0" encoding="UTF-8"?>
<!-- Generated by org.testng.reporters.JUnitReportReporter -->
<testsuite hostname="DESKTOP-GDI9CJ3" failures="0" tests="3" name="learntestng.Account" time="0.006" errors="0" timestamp="2023-08-06T11:02:57 IST" skipped="1">
  <testcase classname="learntestng.Account" name="createAccount" time="0.002"/>
  <system-out/>
  <testcase classname="learntestng.Account" name="modifyAccount" time="0.004"/>
  <system-out/>
  <testcase classname="learntestng.Account" name="deleteAccount">
    <skipped/>
  </testcase> <!-- deleteAccount -->
  <system-out/>
</testsuite> <!-- learntestng.Account -->
