<?xml version="1.0" encoding="UTF-8"?>
<!-- Generated by org.testng.reporters.JUnitReportReporter -->
<testsuite hostname="DESKTOP-GDI9CJ3" failures="0" tests="4" name="learntestng.Group2" time="0.016" errors="0" timestamp="2023-08-06T11:02:57 IST" skipped="0">
  <testcase classname="learntestng.Group2" name="f" time="0.004"/>
  <system-out/>
  <testcase classname="learntestng.Group2" name="e" time="0.005"/>
  <system-out/>
  <testcase classname="learntestng.Group2" name="h" time="0.003"/>
  <system-out/>
  <testcase classname="learntestng.Group2" name="g" time="0.004"/>
  <system-out/>
</testsuite> <!-- learntestng.Group2 -->
