<?xml version="1.0" encoding="UTF-8"?>
<!-- Generated by org.testng.reporters.JUnitReportReporter -->
<testsuite hostname="DESKTOP-GDI9CJ3" failures="0" tests="4" name="learntestng.Group1" time="0.034" errors="0" timestamp="2023-08-06T11:02:57 IST" skipped="0">
  <testcase classname="learntestng.Group1" name="c" time="0.006"/>
  <system-out/>
  <testcase classname="learntestng.Group1" name="b" time="0.002"/>
  <system-out/>
  <testcase classname="learntestng.Group1" name="a" time="0.021"/>
  <system-out/>
  <testcase classname="learntestng.Group1" name="d" time="0.005"/>
  <system-out/>
</testsuite> <!-- learntestng.Group1 -->
