<?xml version="1.0" encoding="UTF-8"?>
<!-- Generated by org.testng.reporters.JUnitReportReporter -->
<testsuite hostname="LAPTOP-QQJ8TVIF" failures="0" tests="1" name="trelloendtoend.TrelloCreateAndDeleteBoard" time="30.522" errors="0" timestamp="2025-05-13T14:58:35 IST" skipped="0">
  <testcase classname="trelloendtoend.TrelloCreateAndDeleteBoard" name="CreateAndDeleteBoard" time="30.522"/>
  <system-out/>
</testsuite> <!-- trelloendtoend.TrelloCreateAndDeleteBoard -->
