<?xml version="1.0" encoding="UTF-8"?>
<!-- Generated by org.testng.reporters.JUnitReportReporter -->
<testsuite hostname="DESKTOP-GDI9CJ3" failures="0" tests="4" name="learntestng.Group4" time="0.015" errors="0" timestamp="2023-08-06T11:02:57 IST" skipped="0">
  <testcase classname="learntestng.Group4" name="n" time="0.004"/>
  <system-out/>
  <testcase classname="learntestng.Group4" name="o" time="0.002"/>
  <system-out/>
  <testcase classname="learntestng.Group4" name="p" time="0.006"/>
  <system-out/>
  <testcase classname="learntestng.Group4" name="m" time="0.003"/>
  <system-out/>
</testsuite> <!-- learntestng.Group4 -->
